# JRE version: Java(TM) SE Runtime Environment 18.9 (11.0.12+8) (build 11.0.12+8-LTS-237)
# Java VM: Java HotSpot(TM) 64-Bit Server VM 18.9 (11.0.12+8-LTS-237, mixed mode, tiered, compressed oops, g1 gc, windows-amd64)
Heap:
 garbage-first heap   total 65536K, used 22781K [0x00000000c0800000, 0x0000000100000000)
  region size 1024K, 20 young (20480K), 4 survivors (4096K)
 Metaspace       used 20996K, capacity 21444K, committed 21808K, reserved 1069056K
  class space    used 2215K, capacity 2317K, committed 2432K, reserved 1048576K
GC Heap History (10 events):
Event: 3.801 GC heap before
{Heap before GC invocations=1 (full 0):
 garbage-first heap   total 65536K, used 7220K [0x00000000c0800000, 0x0000000100000000)
  region size 1024K, 6 young (6144K), 1 survivors (1024K)
 Metaspace       used 10447K, capacity 10633K, committed 10880K, reserved 1058816K
  class space    used 973K, capacity 1056K, committed 1152K, reserved 1048576K
}
Event: 3.813 GC heap after
{Heap after GC invocations=2 (full 0):
 garbage-first heap   total 65536K, used 3126K [0x00000000c0800000, 0x0000000100000000)
  region size 1024K, 1 young (1024K), 1 survivors (1024K)
 Metaspace       used 10447K, capacity 10633K, committed 10880K, reserved 1058816K
  class space    used 973K, capacity 1056K, committed 1152K, reserved 1048576K
}
Event: 7.817 GC heap before
{Heap before GC invocations=2 (full 0):
 garbage-first heap   total 65536K, used 15414K [0x00000000c0800000, 0x0000000100000000)
  region size 1024K, 13 young (13312K), 1 survivors (1024K)
 Metaspace       used 12569K, capacity 12789K, committed 12928K, reserved 1060864K
  class space    used 1263K, capacity 1348K, committed 1408K, reserved 1048576K
}
Event: 7.826 GC heap after
{Heap after GC invocations=3 (full 0):
 garbage-first heap   total 65536K, used 3664K [0x00000000c0800000, 0x0000000100000000)
  region size 1024K, 2 young (2048K), 2 survivors (2048K)
 Metaspace       used 12569K, capacity 12789K, committed 12928K, reserved 1060864K
  class space    used 1263K, capacity 1348K, committed 1408K, reserved 1048576K
}
Event: 11.285 GC heap before
{Heap before GC invocations=3 (full 0):
 garbage-first heap   total 65536K, used 21072K [0x00000000c0800000, 0x0000000100000000)
  region size 1024K, 19 young (19456K), 2 survivors (2048K)
 Metaspace       used 14483K, capacity 14649K, committed 14976K, reserved 1062912K
  class space    used 1499K, capacity 1581K, committed 1664K, reserved 1048576K
}
Event: 11.303 GC heap after
{Heap after GC invocations=4 (full 0):
 garbage-first heap   total 65536K, used 4192K [0x00000000c0800000, 0x0000000100000000)
  region size 1024K, 2 young (2048K), 2 survivors (2048K)
 Metaspace       used 14483K, capacity 14649K, committed 14976K, reserved 1062912K
  class space    used 1499K, capacity 1581K, committed 1664K, reserved 1048576K
}
Event: 16.051 GC heap before
{Heap before GC invocations=4 (full 0):
 garbage-first heap   total 65536K, used 31840K [0x00000000c0800000, 0x0000000100000000)
  region size 1024K, 29 young (29696K), 2 survivors (2048K)
 Metaspace       used 19492K, capacity 19858K, committed 19968K, reserved 1067008K
  class space    used 2110K, capacity 2214K, committed 2304K, reserved 1048576K
}
Event: 16.071 GC heap after
{Heap after GC invocations=5 (full 0):
 garbage-first heap   total 65536K, used 6089K [0x00000000c0800000, 0x0000000100000000)
  region size 1024K, 4 young (4096K), 4 survivors (4096K)
 Metaspace       used 19492K, capacity 19858K, committed 19968K, reserved 1067008K
  class space    used 2110K, capacity 2214K, committed 2304K, reserved 1048576K
}
Event: 18.787 GC heap before
{Heap before GC invocations=5 (full 0):
 garbage-first heap   total 65536K, used 20425K [0x00000000c0800000, 0x0000000100000000)
  region size 1024K, 19 young (19456K), 4 survivors (4096K)
 Metaspace       used 20735K, capacity 21123K, committed 21296K, reserved 1069056K
  class space    used 2207K, capacity 2317K, committed 2432K, reserved 1048576K
}
Event: 18.809 GC heap after
{Heap after GC invocations=6 (full 0):
 garbage-first heap   total 65536K, used 7421K [0x00000000c0800000, 0x0000000100000000)
  region size 1024K, 4 young (4096K), 4 survivors (4096K)
 Metaspace       used 20735K, capacity 21123K, committed 21296K, reserved 1069056K
  class space    used 2207K, capacity 2317K, committed 2432K, reserved 1048576K
}

